

times in msec
 clock   self+sourced   self:  sourced script
 clock   elapsed:              other lines

000.018  000.018: --- NVIM STARTING ---
000.187  000.170: event init
000.326  000.138: early init
000.426  000.100: locale set
000.483  000.058: init first window
001.189  000.705: inits 1
001.219  000.031: window checked
001.224  000.004: parsing arguments
002.040  000.138  000.138: require('vim.shared')
002.275  000.080  000.080: require('vim._options')
002.279  000.231  000.151: require('vim._editor')
002.281  000.418  000.049: require('vim._init_packages')
002.285  000.643: init lua interpreter
002.429  000.145: expanding arguments
002.488  000.059: inits 2
003.032  000.544: init highlight
003.033  000.002: waiting for UI
003.418  000.385: done waiting for UI
003.431  000.012: clear screen
003.666  000.235: init default mappings & autocommands
004.268  000.602: --cmd commands
040.041  000.102  000.102: sourcing /nix/store/84k4krd57x09nixwzcwx93wvd40ih4f0-neovim-unwrapped-0.9.5/share/nvim/runtime/ftplugin.vim
042.791  000.051  000.051: sourcing /nix/store/84k4krd57x09nixwzcwx93wvd40ih4f0-neovim-unwrapped-0.9.5/share/nvim/runtime/indent.vim
042.900  000.006  000.006: sourcing /dev/null
042.904  038.477: sourcing vimrc file(s)
048.027  000.014  000.014: sourcing /nix/store/q1cb0gzqbfw9m4hbywsg561qvl83vd5g-vim-pack-dir/pack/myNeovimPackages/start/vim-fugitive/ftdetect/fugitive.vim
054.759  007.360  007.345: sourcing /nix/store/84k4krd57x09nixwzcwx93wvd40ih4f0-neovim-unwrapped-0.9.5/share/nvim/runtime/filetype.lua
057.387  000.117  000.117: sourcing /nix/store/84k4krd57x09nixwzcwx93wvd40ih4f0-neovim-unwrapped-0.9.5/share/nvim/runtime/syntax/synload.vim
057.517  002.567  002.451: sourcing /nix/store/84k4krd57x09nixwzcwx93wvd40ih4f0-neovim-unwrapped-0.9.5/share/nvim/runtime/syntax/syntax.vim
078.314  000.222  000.222: sourcing /nix/store/84k4krd57x09nixwzcwx93wvd40ih4f0-neovim-unwrapped-0.9.5/share/nvim/runtime/plugin/gzip.vim
078.347  000.011  000.011: sourcing /nix/store/84k4krd57x09nixwzcwx93wvd40ih4f0-neovim-unwrapped-0.9.5/share/nvim/runtime/plugin/health.vim
085.326  000.246  000.246: sourcing /nix/store/84k4krd57x09nixwzcwx93wvd40ih4f0-neovim-unwrapped-0.9.5/share/nvim/runtime/pack/dist/opt/matchit/plugin/matchit.vim
087.281  008.918  008.672: sourcing /nix/store/84k4krd57x09nixwzcwx93wvd40ih4f0-neovim-unwrapped-0.9.5/share/nvim/runtime/plugin/matchit.vim
087.491  000.190  000.190: sourcing /nix/store/84k4krd57x09nixwzcwx93wvd40ih4f0-neovim-unwrapped-0.9.5/share/nvim/runtime/plugin/matchparen.vim
087.945  000.414  000.414: sourcing /nix/store/84k4krd57x09nixwzcwx93wvd40ih4f0-neovim-unwrapped-0.9.5/share/nvim/runtime/plugin/netrwPlugin.vim
088.089  000.009  000.009: sourcing /nix/store/n81x6j78g67zhf975zqz3vb3dgxv9rcc-neovim-0.9.5/rplugin.vim
088.292  000.321  000.312: sourcing /nix/store/84k4krd57x09nixwzcwx93wvd40ih4f0-neovim-unwrapped-0.9.5/share/nvim/runtime/plugin/rplugin.vim
088.389  000.067  000.067: sourcing /nix/store/84k4krd57x09nixwzcwx93wvd40ih4f0-neovim-unwrapped-0.9.5/share/nvim/runtime/plugin/shada.vim
088.435  000.021  000.021: sourcing /nix/store/84k4krd57x09nixwzcwx93wvd40ih4f0-neovim-unwrapped-0.9.5/share/nvim/runtime/plugin/spellfile.vim
088.578  000.121  000.121: sourcing /nix/store/84k4krd57x09nixwzcwx93wvd40ih4f0-neovim-unwrapped-0.9.5/share/nvim/runtime/plugin/tarPlugin.vim
088.696  000.094  000.094: sourcing /nix/store/84k4krd57x09nixwzcwx93wvd40ih4f0-neovim-unwrapped-0.9.5/share/nvim/runtime/plugin/tohtml.vim
088.731  000.014  000.014: sourcing /nix/store/84k4krd57x09nixwzcwx93wvd40ih4f0-neovim-unwrapped-0.9.5/share/nvim/runtime/plugin/tutor.vim
088.919  000.167  000.167: sourcing /nix/store/84k4krd57x09nixwzcwx93wvd40ih4f0-neovim-unwrapped-0.9.5/share/nvim/runtime/plugin/zipPlugin.vim
092.146  000.082  000.082: sourcing /nix/store/84k4krd57x09nixwzcwx93wvd40ih4f0-neovim-unwrapped-0.9.5/share/nvim/runtime/plugin/editorconfig.lua
092.265  000.096  000.096: sourcing /nix/store/84k4krd57x09nixwzcwx93wvd40ih4f0-neovim-unwrapped-0.9.5/share/nvim/runtime/plugin/man.lua
092.351  000.063  000.063: sourcing /nix/store/84k4krd57x09nixwzcwx93wvd40ih4f0-neovim-unwrapped-0.9.5/share/nvim/runtime/plugin/nvim.lua
092.522  028.889: loading rtp plugins
101.365  000.027  000.027: require('vim.keymap')
149.010  000.188  000.188: require('Comment.config')
150.137  000.547  000.547: require('Comment.ft')
150.153  001.136  000.590: require('Comment.utils')
150.585  000.428  000.428: require('Comment.opfunc')
150.847  000.259  000.259: require('Comment.extra')
150.856  049.486  047.475: require('Comment.api')
151.027  049.803  000.290: sourcing /nix/store/4282038a1hb47b94nihy2d429z8px88q-packdir-start/pack/myNeovimPackages/start/comment.nvim/plugin/Comment.lua
151.263  000.086  000.086: sourcing /nix/store/4282038a1hb47b94nihy2d429z8px88q-packdir-start/pack/myNeovimPackages/start/formatter.nvim/plugin/formatter.vim
151.748  000.040  000.040: sourcing /nix/store/4282038a1hb47b94nihy2d429z8px88q-packdir-start/pack/myNeovimPackages/start/luasnip/plugin/luasnip.vim
154.560  002.375  002.375: require('vim.filetype')
156.090  000.207  000.207: require('luasnip.util.types')
156.101  000.568  000.362: require('luasnip.util.ext_opts')
157.347  000.221  000.221: require('luasnip.util.lazy_table')
157.662  000.311  000.311: require('luasnip.extras.filetype_functions')
157.676  001.310  000.778: require('luasnip.default_config')
157.681  001.576  000.267: require('luasnip.session')
157.686  002.654  000.509: require('luasnip.config')
159.700  000.802  000.802: require('luasnip.util.util')
161.051  000.206  000.206: require('luasnip.nodes.key_indexer')
161.062  001.358  001.152: require('luasnip.nodes.util')
161.848  000.241  000.241: require('luasnip.session.snippet_collection.source')
162.065  000.214  000.214: require('luasnip.util.table')
162.315  000.248  000.248: require('luasnip.util.auto_table')
162.330  001.265  000.562: require('luasnip.session.snippet_collection')
163.572  000.377  000.377: require('luasnip.util.select')
163.793  000.217  000.217: require('luasnip.util.time')
164.413  001.675  001.081: require('luasnip.util._builtin_vars')
164.592  000.173  000.173: require('vim.inspect')
164.668  002.335  000.487: require('luasnip.util.environ')
164.939  000.268  000.268: require('luasnip.util.extend_decorator')
165.889  000.533  000.533: require('luasnip.util.path')
166.854  000.435  000.435: require('luasnip.util.log')
166.866  000.974  000.538: require('luasnip.loaders.util')
167.094  000.009  000.009: require('vim.F')
167.102  000.233  000.224: require('luasnip.loaders.data')
168.024  000.919  000.919: require('luasnip.loaders.fs_watchers')
168.033  003.091  000.432: require('luasnip.loaders')
168.073  010.368  001.249: require('luasnip')
168.127  016.264  000.867: sourcing /nix/store/4282038a1hb47b94nihy2d429z8px88q-packdir-start/pack/myNeovimPackages/start/luasnip/plugin/luasnip.lua
168.343  000.056  000.056: sourcing /nix/store/4282038a1hb47b94nihy2d429z8px88q-packdir-start/pack/myNeovimPackages/start/neo-tree.nvim/plugin/neo-tree.vim
169.276  000.404  000.404: require('cmp.utils.api')
169.832  000.315  000.315: require('cmp.types.cmp')
170.813  000.528  000.528: require('cmp.utils.misc')
170.989  001.155  000.627: require('cmp.types.lsp')
171.232  000.239  000.239: require('cmp.types.vim')
171.236  001.956  000.247: require('cmp.types')
171.519  000.280  000.280: require('cmp.utils.highlight')
172.105  000.250  000.250: require('cmp.utils.debug')
172.121  000.600  000.350: require('cmp.utils.autocmd')
172.607  003.905  000.665: sourcing /nix/store/4282038a1hb47b94nihy2d429z8px88q-packdir-start/pack/myNeovimPackages/start/nvim-cmp/plugin/cmp.lua
180.128  000.736  000.736: require('vim.lsp.log')
181.935  001.800  001.800: require('vim.lsp.protocol')
186.794  000.991  000.991: require('vim.lsp._snippet')
187.315  000.514  000.514: require('vim.highlight')
187.352  005.411  003.906: require('vim.lsp.util')
187.377  009.284  001.337: require('vim.lsp.handlers')
188.629  001.248  001.248: require('vim.lsp.rpc')
189.332  000.700  000.700: require('vim.lsp.sync')
190.476  001.141  001.141: require('vim.lsp.semantic_tokens')
191.767  001.284  001.284: require('vim.lsp.buf')
192.450  000.653  000.653: require('vim.lsp.diagnostic')
193.222  000.769  000.769: require('vim.lsp.codelens')
193.344  020.181  005.104: require('vim.lsp')
193.421  020.553  000.372: sourcing /nix/store/4282038a1hb47b94nihy2d429z8px88q-packdir-start/pack/myNeovimPackages/start/nvim-lspconfig/plugin/lspconfig.lua
195.994  000.523  000.523: require('nvim-treesitter.utils')
201.593  000.494  000.494: require('vim.treesitter.language')
201.613  001.608  001.113: require('vim.treesitter.query')
202.137  000.510  000.510: require('vim.treesitter._range')
202.152  003.409  001.292: require('vim.treesitter.languagetree')
202.171  004.298  000.888: require('vim.treesitter')
203.596  007.599  003.301: require('nvim-treesitter.parsers')
206.484  000.367  000.367: require('nvim-treesitter.compat')
207.975  000.893  000.893: require('nvim-treesitter.ts_utils')
207.987  001.498  000.605: require('nvim-treesitter.tsrange')
208.326  000.336  000.336: require('nvim-treesitter.caching')
208.365  003.070  000.870: require('nvim-treesitter.query')
208.399  004.145  001.075: require('nvim-treesitter.configs')
208.409  004.807  000.662: require('nvim-treesitter.info')
209.136  000.725  000.725: require('nvim-treesitter.shell_command_selectors')
209.203  015.059  001.406: require('nvim-treesitter.install')
209.585  000.377  000.377: require('nvim-treesitter.statusline')
210.181  000.594  000.594: require('nvim-treesitter.query_predicates')
210.186  016.369  000.339: require('nvim-treesitter')
210.670  016.937  000.568: sourcing /nix/store/4282038a1hb47b94nihy2d429z8px88q-packdir-start/pack/myNeovimPackages/start/nvim-treesitter/plugin/nvim-treesitter.lua
210.901  000.084  000.084: sourcing /nix/store/4282038a1hb47b94nihy2d429z8px88q-packdir-start/pack/myNeovimPackages/start/nvim-web-devicons/plugin/nvim-web-devicons.vim
211.622  000.402  000.402: require('nvim-treesitter-playground')
211.958  000.819  000.418: sourcing /nix/store/4282038a1hb47b94nihy2d429z8px88q-packdir-start/pack/myNeovimPackages/start/playground/plugin/nvim-treesitter-playground.lua
212.149  000.056  000.056: sourcing /nix/store/4282038a1hb47b94nihy2d429z8px88q-packdir-start/pack/myNeovimPackages/start/plenary.nvim/plugin/plenary.vim
213.105  000.689  000.689: sourcing /nix/store/4282038a1hb47b94nihy2d429z8px88q-packdir-start/pack/myNeovimPackages/start/telescope.nvim/plugin/telescope.lua
213.369  000.105  000.105: sourcing /nix/store/4282038a1hb47b94nihy2d429z8px88q-packdir-start/pack/myNeovimPackages/start/trouble.nvim/plugin/trouble.vim
213.776  000.252  000.252: sourcing /nix/store/4282038a1hb47b94nihy2d429z8px88q-packdir-start/pack/myNeovimPackages/start/undotree/plugin/undotree.vim
215.504  001.576  001.576: sourcing /nix/store/4282038a1hb47b94nihy2d429z8px88q-packdir-start/pack/myNeovimPackages/start/vim-fugitive/plugin/fugitive.vim
215.935  000.228  000.228: sourcing /nix/store/4282038a1hb47b94nihy2d429z8px88q-packdir-start/pack/myNeovimPackages/start/vim-tmux-navigator/plugin/tmux_navigator.vim
236.430  032.453: loading packages
241.558  000.608  000.608: require('cmp.utils.char')
241.580  001.273  000.665: require('cmp.utils.str')
242.905  000.260  000.260: require('cmp.utils.buffer')
242.917  000.930  000.670: require('cmp.utils.keymap')
242.921  001.337  000.408: require('cmp.utils.feedkeys')
244.497  000.461  000.461: require('cmp.config.mapping')
244.789  000.288  000.288: require('cmp.utils.cache')
245.750  000.592  000.592: require('cmp.config.compare')
245.754  000.960  000.368: require('cmp.config.default')
245.784  002.275  000.566: require('cmp.config')
245.813  002.890  000.615: require('cmp.utils.async')
246.446  000.274  000.274: require('cmp.utils.pattern')
246.452  000.636  000.362: require('cmp.context')
249.043  000.826  000.826: require('cmp.utils.snippet')
249.603  000.555  000.555: require('cmp.matcher')
249.621  002.452  001.071: require('cmp.entry')
249.635  003.181  000.729: require('cmp.source')
250.526  000.287  000.287: require('cmp.utils.event')
251.873  000.253  000.253: require('cmp.utils.options')
251.906  000.929  000.676: require('cmp.utils.window')
251.911  001.382  000.453: require('cmp.view.docs_view')
252.883  000.969  000.969: require('cmp.view.custom_entries_view')
253.517  000.632  000.632: require('cmp.view.wildmenu_entries_view')
254.037  000.517  000.517: require('cmp.view.native_entries_view')
254.503  000.463  000.463: require('cmp.view.ghost_text_view')
254.527  004.889  000.640: require('cmp.view')
255.502  017.016  002.811: require('cmp.core')
256.041  000.282  000.282: require('cmp.config.sources')
256.309  000.263  000.263: require('cmp.config.window')
256.393  019.196  001.635: require('cmp')
257.209  000.100  000.100: require('cmp_buffer.timer')
257.217  000.531  000.431: require('cmp_buffer.buffer')
257.223  000.777  000.246: require('cmp_buffer.source')
257.226  000.829  000.052: require('cmp_buffer')
257.256  020.095  000.070: sourcing /nix/store/q1cb0gzqbfw9m4hbywsg561qvl83vd5g-vim-pack-dir/pack/myNeovimPackages/start/cmp-buffer/after/plugin/cmp_buffer.lua
257.852  000.425  000.425: require('cmp_cmdline')
257.880  000.473  000.049: sourcing /nix/store/q1cb0gzqbfw9m4hbywsg561qvl83vd5g-vim-pack-dir/pack/myNeovimPackages/start/cmp-cmdline/after/plugin/cmp_cmdline.lua
258.521  000.253  000.253: require('cmp_nvim_lsp.source')
258.527  000.510  000.258: require('cmp_nvim_lsp')
258.564  000.562  000.052: sourcing /nix/store/q1cb0gzqbfw9m4hbywsg561qvl83vd5g-vim-pack-dir/pack/myNeovimPackages/start/cmp-nvim-lsp/after/plugin/cmp_nvim_lsp.lua
259.105  000.380  000.380: require('cmp_nvim_lsp_signature_help')
259.135  000.430  000.050: sourcing /nix/store/q1cb0gzqbfw9m4hbywsg561qvl83vd5g-vim-pack-dir/pack/myNeovimPackages/start/cmp-nvim-lsp-signature-help/after/plugin/cmp_nvim_lsp_signature_help.lua
259.500  000.224  000.224: require('cmp_nvim_lua')
259.533  000.275  000.051: sourcing /nix/store/q1cb0gzqbfw9m4hbywsg561qvl83vd5g-vim-pack-dir/pack/myNeovimPackages/start/cmp-nvim-lua/after/plugin/cmp_nvim_lua.lua
260.140  000.463  000.463: require('cmp_path')
260.169  000.509  000.046: sourcing /nix/store/q1cb0gzqbfw9m4hbywsg561qvl83vd5g-vim-pack-dir/pack/myNeovimPackages/start/cmp-path/after/plugin/cmp_path.lua
260.727  000.384  000.384: require('cmp_luasnip')
260.808  000.507  000.123: sourcing /nix/store/q1cb0gzqbfw9m4hbywsg561qvl83vd5g-vim-pack-dir/pack/myNeovimPackages/start/cmp_luasnip/after/plugin/cmp_luasnip.lua
263.564  000.624  000.624: require('ibl.utils')
263.574  001.124  000.500: require('ibl.config')
264.212  000.241  000.241: require('ibl.indent')
264.220  000.643  000.401: require('ibl.hooks')
264.224  002.076  000.310: require('ibl.highlights')
264.420  000.194  000.194: require('ibl.autocmds')
264.693  000.271  000.271: require('ibl.inlay_hints')
265.014  000.318  000.318: require('ibl.virt_text')
265.924  000.655  000.655: require('ibl.scope_languages')
265.931  000.914  000.259: require('ibl.scope')
265.942  004.936  001.163: require('ibl')
265.993  005.065  000.129: sourcing /nix/store/q1cb0gzqbfw9m4hbywsg561qvl83vd5g-vim-pack-dir/pack/myNeovimPackages/start/indent-blankline.nvim/after/plugin/commands.lua
266.029  001.682: loading after plugins
266.050  000.021: inits 3
269.305  003.256: reading ShaDa
271.413  000.393  000.393: require('luasnip.util.directed_graph')
271.608  000.190  000.190: require('luasnip.session.enqueueable_operations')
271.628  001.280  000.698: require('luasnip.loaders.from_lua')
274.921  000.195  000.195: require('luasnip.util.events')
274.939  000.852  000.657: require('luasnip.nodes.node')
275.471  000.529  000.529: require('luasnip.nodes.insertNode')
275.732  000.258  000.258: require('luasnip.nodes.textNode')
276.068  000.333  000.333: require('luasnip.util.mark')
276.311  000.241  000.241: require('luasnip.util.pattern_tokenizer')
276.505  000.192  000.192: require('luasnip.util.dict')
277.998  001.233  001.233: require('luasnip.util.jsregexp')
278.003  001.495  000.262: require('luasnip.nodes.util.trig_engines')
278.131  005.506  001.607: require('luasnip.nodes.snippet')
278.137  005.724  000.218: require('luasnip.nodes.duplicate')
278.140  005.939  000.215: require('luasnip.loaders.snippet_cache')
278.176  006.542  000.603: require('luasnip.loaders.from_snipmate')
280.433  000.307  000.307: require('luasnip.util.parser.neovim_ast')
280.731  000.295  000.295: require('luasnip.util.str')
281.835  001.100  001.100: require('luasnip.util.jsregexp')
281.847  002.205  000.503: require('luasnip.util.parser.ast_utils')
282.255  000.404  000.404: require('luasnip.nodes.functionNode')
282.943  000.686  000.686: require('luasnip.nodes.choiceNode')
283.478  000.532  000.532: require('luasnip.nodes.dynamicNode')
283.682  000.202  000.202: require('luasnip.util.functions')
283.694  004.510  000.480: require('luasnip.util.parser.ast_parser')
284.418  000.723  000.723: require('luasnip.util.parser.neovim_parser')
284.430  005.532  000.299: require('luasnip.util.parser')
284.689  000.257  000.257: require('luasnip.nodes.snippetProxy')
285.480  000.787  000.787: require('luasnip.util.jsonc')
285.503  007.322  000.747: require('luasnip.loaders.from_vscode')
289.190  000.472  000.472: require('trouble.config')
289.202  001.080  000.608: require('trouble.util')
289.561  000.356  000.356: require('trouble.providers.qf')
289.981  000.417  000.417: require('trouble.providers.telescope')
290.426  000.443  000.443: require('trouble.providers.lsp')
290.837  000.409  000.409: require('trouble.providers.diagnostic')
290.841  003.099  000.395: require('trouble.providers')
291.193  000.349  000.349: require('trouble.text')
291.514  000.318  000.318: require('trouble.folds')
291.523  004.259  000.492: require('trouble.renderer')
291.577  005.302  001.043: require('trouble.view')
291.928  000.349  000.349: require('trouble.colors')
294.524  002.523  002.523: require('vim.diagnostic')
294.594  009.014  000.840: require('trouble')
294.609  001.144: opening buffers
294.680  000.072: BufEnter autocommands
294.684  000.003: editing files in windows
295.088  000.404: VimEnter autocommands
295.521  000.433: UIEnter autocommands
295.524  000.003: before starting main loop
295.956  000.432: first screen update
295.958  000.002: --- NVIM STARTED ---


times in msec
 clock   self+sourced   self:  sourced script
 clock   elapsed:              other lines

000.035  000.035: --- NVIM STARTING ---
000.256  000.221: event init
000.393  000.136: early init
000.493  000.101: locale set
000.561  000.067: init first window
001.349  000.789: inits 1
001.365  000.016: window checked
001.371  000.006: parsing arguments
002.322  000.103  000.103: require('vim.shared')
002.590  000.081  000.081: require('vim._options')
002.594  000.266  000.185: require('vim._editor')
002.596  000.463  000.094: require('vim._init_packages')
002.599  000.765: init lua interpreter
004.105  001.505: expanding arguments
004.213  000.109: inits 2
004.801  000.588: init highlight
